Internal Server Error: /staff/notifications
Traceback (most recent call last):
  File "/Users/ngoga/Desktop/Web/Apis/envs/catholicSongenv/lib/python3.12/site-packages/django/core/handlers/exception.py", line 55, in inner
    response = get_response(request)
               ^^^^^^^^^^^^^^^^^^^^^
  File "/Users/ngoga/Desktop/Web/Apis/envs/catholicSongenv/lib/python3.12/site-packages/django/core/handlers/base.py", line 197, in _get_response
    response = wrapped_callback(request, *callback_args, **callback_kwargs)
               ^^^^^^^^^^^^^^^^^^^^^^^^^^^^^^^^^^^^^^^^^^^^^^^^^^^^^^^^^^^^
  File "/Users/ngoga/Desktop/Web/Apis/envs/catholicSongenv/lib/python3.12/site-packages/django/views/generic/base.py", line 104, in view
    return self.dispatch(request, *args, **kwargs)
           ^^^^^^^^^^^^^^^^^^^^^^^^^^^^^^^^^^^^^^^
  File "/Users/ngoga/Desktop/Web/Apis/envs/catholicSongenv/lib/python3.12/site-packages/django/contrib/auth/mixins.py", line 73, in dispatch
    return super().dispatch(request, *args, **kwargs)
           ^^^^^^^^^^^^^^^^^^^^^^^^^^^^^^^^^^^^^^^^^^
  File "/Users/ngoga/Desktop/Web/Apis/envs/catholicSongenv/lib/python3.12/site-packages/django/contrib/auth/mixins.py", line 132, in dispatch
    user_test_result = self.get_test_func()()
                       ^^^^^^^^^^^^^^^^^^^^^^
  File "/Users/ngoga/Desktop/Web/Apis/envs/catholicSongenv/lib/python3.12/site-packages/django/contrib/auth/mixins.py", line 119, in test_func
    raise NotImplementedError(
NotImplementedError: NotificationView is missing the implementation of the test_func() method.
"GET /staff/notifications HTTP/1.1" 500 145
Internal Server Error: /staff/notifications
Traceback (most recent call last):
  File "/Users/ngoga/Desktop/Web/Apis/envs/catholicSongenv/lib/python3.12/site-packages/django/core/handlers/exception.py", line 55, in inner
    response = get_response(request)
               ^^^^^^^^^^^^^^^^^^^^^
  File "/Users/ngoga/Desktop/Web/Apis/envs/catholicSongenv/lib/python3.12/site-packages/django/core/handlers/base.py", line 197, in _get_response
    response = wrapped_callback(request, *callback_args, **callback_kwargs)
               ^^^^^^^^^^^^^^^^^^^^^^^^^^^^^^^^^^^^^^^^^^^^^^^^^^^^^^^^^^^^
  File "/Users/ngoga/Desktop/Web/Apis/envs/catholicSongenv/lib/python3.12/site-packages/django/views/generic/base.py", line 104, in view
    return self.dispatch(request, *args, **kwargs)
           ^^^^^^^^^^^^^^^^^^^^^^^^^^^^^^^^^^^^^^^
  File "/Users/ngoga/Desktop/Web/Apis/envs/catholicSongenv/lib/python3.12/site-packages/django/contrib/auth/mixins.py", line 73, in dispatch
    return super().dispatch(request, *args, **kwargs)
           ^^^^^^^^^^^^^^^^^^^^^^^^^^^^^^^^^^^^^^^^^^
  File "/Users/ngoga/Desktop/Web/Apis/envs/catholicSongenv/lib/python3.12/site-packages/django/contrib/auth/mixins.py", line 132, in dispatch
    user_test_result = self.get_test_func()()
                       ^^^^^^^^^^^^^^^^^^^^^^
  File "/Users/ngoga/Desktop/Web/Apis/envs/catholicSongenv/lib/python3.12/site-packages/django/contrib/auth/mixins.py", line 119, in test_func
    raise NotImplementedError(
NotImplementedError: NotificationView is missing the implementation of the test_func() method.
"GET /staff/notifications HTTP/1.1" 500 145
Internal Server Error: /staff/notifications
Traceback (most recent call last):
  File "/Users/ngoga/Desktop/Web/Apis/envs/catholicSongenv/lib/python3.12/site-packages/django/core/handlers/exception.py", line 55, in inner
    response = get_response(request)
               ^^^^^^^^^^^^^^^^^^^^^
  File "/Users/ngoga/Desktop/Web/Apis/envs/catholicSongenv/lib/python3.12/site-packages/django/core/handlers/base.py", line 197, in _get_response
    response = wrapped_callback(request, *callback_args, **callback_kwargs)
               ^^^^^^^^^^^^^^^^^^^^^^^^^^^^^^^^^^^^^^^^^^^^^^^^^^^^^^^^^^^^
  File "/Users/ngoga/Desktop/Web/Apis/envs/catholicSongenv/lib/python3.12/site-packages/django/views/generic/base.py", line 104, in view
    return self.dispatch(request, *args, **kwargs)
           ^^^^^^^^^^^^^^^^^^^^^^^^^^^^^^^^^^^^^^^
  File "/Users/ngoga/Desktop/Web/Apis/envs/catholicSongenv/lib/python3.12/site-packages/django/contrib/auth/mixins.py", line 73, in dispatch
    return super().dispatch(request, *args, **kwargs)
           ^^^^^^^^^^^^^^^^^^^^^^^^^^^^^^^^^^^^^^^^^^
  File "/Users/ngoga/Desktop/Web/Apis/envs/catholicSongenv/lib/python3.12/site-packages/django/contrib/auth/mixins.py", line 132, in dispatch
    user_test_result = self.get_test_func()()
                       ^^^^^^^^^^^^^^^^^^^^^^
  File "/Users/ngoga/Desktop/Web/Apis/envs/catholicSongenv/lib/python3.12/site-packages/django/contrib/auth/mixins.py", line 119, in test_func
    raise NotImplementedError(
NotImplementedError: NotificationView is missing the implementation of the test_func() method.
"GET /staff/notifications HTTP/1.1" 500 145
Internal Server Error: /staff/notifications
Traceback (most recent call last):
  File "/Users/ngoga/Desktop/Web/Apis/envs/catholicSongenv/lib/python3.12/site-packages/django/core/handlers/exception.py", line 55, in inner
    response = get_response(request)
               ^^^^^^^^^^^^^^^^^^^^^
  File "/Users/ngoga/Desktop/Web/Apis/envs/catholicSongenv/lib/python3.12/site-packages/django/core/handlers/base.py", line 197, in _get_response
    response = wrapped_callback(request, *callback_args, **callback_kwargs)
               ^^^^^^^^^^^^^^^^^^^^^^^^^^^^^^^^^^^^^^^^^^^^^^^^^^^^^^^^^^^^
  File "/Users/ngoga/Desktop/Web/Apis/envs/catholicSongenv/lib/python3.12/site-packages/django/views/generic/base.py", line 104, in view
    return self.dispatch(request, *args, **kwargs)
           ^^^^^^^^^^^^^^^^^^^^^^^^^^^^^^^^^^^^^^^
  File "/Users/ngoga/Desktop/Web/Apis/envs/catholicSongenv/lib/python3.12/site-packages/django/contrib/auth/mixins.py", line 73, in dispatch
    return super().dispatch(request, *args, **kwargs)
           ^^^^^^^^^^^^^^^^^^^^^^^^^^^^^^^^^^^^^^^^^^
  File "/Users/ngoga/Desktop/Web/Apis/envs/catholicSongenv/lib/python3.12/site-packages/django/contrib/auth/mixins.py", line 132, in dispatch
    user_test_result = self.get_test_func()()
                       ^^^^^^^^^^^^^^^^^^^^^^
  File "/Users/ngoga/Desktop/Web/Apis/envs/catholicSongenv/lib/python3.12/site-packages/django/contrib/auth/mixins.py", line 119, in test_func
    raise NotImplementedError(
NotImplementedError: NotificationView is missing the implementation of the test_func() method.
"GET /staff/notifications HTTP/1.1" 500 145
Internal Server Error: /staff/notifications
Traceback (most recent call last):
  File "/Users/ngoga/Desktop/Web/Apis/envs/catholicSongenv/lib/python3.12/site-packages/django/core/handlers/exception.py", line 55, in inner
    response = get_response(request)
               ^^^^^^^^^^^^^^^^^^^^^
  File "/Users/ngoga/Desktop/Web/Apis/envs/catholicSongenv/lib/python3.12/site-packages/django/core/handlers/base.py", line 197, in _get_response
    response = wrapped_callback(request, *callback_args, **callback_kwargs)
               ^^^^^^^^^^^^^^^^^^^^^^^^^^^^^^^^^^^^^^^^^^^^^^^^^^^^^^^^^^^^
  File "/Users/ngoga/Desktop/Web/Apis/envs/catholicSongenv/lib/python3.12/site-packages/django/views/generic/base.py", line 104, in view
    return self.dispatch(request, *args, **kwargs)
           ^^^^^^^^^^^^^^^^^^^^^^^^^^^^^^^^^^^^^^^
  File "/Users/ngoga/Desktop/Web/Apis/envs/catholicSongenv/lib/python3.12/site-packages/django/contrib/auth/mixins.py", line 73, in dispatch
    return super().dispatch(request, *args, **kwargs)
           ^^^^^^^^^^^^^^^^^^^^^^^^^^^^^^^^^^^^^^^^^^
  File "/Users/ngoga/Desktop/Web/Apis/envs/catholicSongenv/lib/python3.12/site-packages/django/contrib/auth/mixins.py", line 132, in dispatch
    user_test_result = self.get_test_func()()
                       ^^^^^^^^^^^^^^^^^^^^^^
  File "/Users/ngoga/Desktop/Web/Apis/envs/catholicSongenv/lib/python3.12/site-packages/django/contrib/auth/mixins.py", line 119, in test_func
    raise NotImplementedError(
NotImplementedError: NotificationView is missing the implementation of the test_func() method.
"GET /staff/notifications HTTP/1.1" 500 145
Internal Server Error: /staff/notifications
Traceback (most recent call last):
  File "/Users/ngoga/Desktop/Web/Apis/envs/catholicSongenv/lib/python3.12/site-packages/django/core/handlers/exception.py", line 55, in inner
    response = get_response(request)
               ^^^^^^^^^^^^^^^^^^^^^
  File "/Users/ngoga/Desktop/Web/Apis/envs/catholicSongenv/lib/python3.12/site-packages/django/core/handlers/base.py", line 197, in _get_response
    response = wrapped_callback(request, *callback_args, **callback_kwargs)
               ^^^^^^^^^^^^^^^^^^^^^^^^^^^^^^^^^^^^^^^^^^^^^^^^^^^^^^^^^^^^
  File "/Users/ngoga/Desktop/Web/Apis/envs/catholicSongenv/lib/python3.12/site-packages/django/views/generic/base.py", line 104, in view
    return self.dispatch(request, *args, **kwargs)
           ^^^^^^^^^^^^^^^^^^^^^^^^^^^^^^^^^^^^^^^
  File "/Users/ngoga/Desktop/Web/Apis/envs/catholicSongenv/lib/python3.12/site-packages/django/contrib/auth/mixins.py", line 73, in dispatch
    return super().dispatch(request, *args, **kwargs)
           ^^^^^^^^^^^^^^^^^^^^^^^^^^^^^^^^^^^^^^^^^^
  File "/Users/ngoga/Desktop/Web/Apis/envs/catholicSongenv/lib/python3.12/site-packages/django/contrib/auth/mixins.py", line 132, in dispatch
    user_test_result = self.get_test_func()()
                       ^^^^^^^^^^^^^^^^^^^^^^
  File "/Users/ngoga/Desktop/Web/Apis/envs/catholicSongenv/lib/python3.12/site-packages/django/contrib/auth/mixins.py", line 119, in test_func
    raise NotImplementedError(
NotImplementedError: NotificationView is missing the implementation of the test_func() method.
"GET /staff/notifications HTTP/1.1" 500 145
Internal Server Error: /
Traceback (most recent call last):
  File "/Users/ngoga/Desktop/Web/Apis/envs/catholicSongenv/lib/python3.12/site-packages/django/core/handlers/exception.py", line 55, in inner
    response = get_response(request)
               ^^^^^^^^^^^^^^^^^^^^^
  File "/Users/ngoga/Desktop/Web/Apis/envs/catholicSongenv/lib/python3.12/site-packages/django/core/handlers/base.py", line 197, in _get_response
    response = wrapped_callback(request, *callback_args, **callback_kwargs)
               ^^^^^^^^^^^^^^^^^^^^^^^^^^^^^^^^^^^^^^^^^^^^^^^^^^^^^^^^^^^^
  File "/Users/ngoga/Desktop/Web/Apis/envs/catholicSongenv/lib/python3.12/site-packages/django/views/generic/base.py", line 104, in view
    return self.dispatch(request, *args, **kwargs)
           ^^^^^^^^^^^^^^^^^^^^^^^^^^^^^^^^^^^^^^^
  File "/Users/ngoga/Desktop/Web/Apis/envs/catholicSongenv/lib/python3.12/site-packages/django/views/generic/base.py", line 143, in dispatch
    return handler(request, *args, **kwargs)
           ^^^^^^^^^^^^^^^^^^^^^^^^^^^^^^^^^
  File "/Users/ngoga/Desktop/Web/Apis/CatholicSong-main/Home/views.py", line 18, in get
    return render(request,'home.html',context)
           ^^^^^^^^^^^^^^^^^^^^^^^^^^^^^^^^^^^
  File "/Users/ngoga/Desktop/Web/Apis/envs/catholicSongenv/lib/python3.12/site-packages/django/shortcuts.py", line 25, in render
    content = loader.render_to_string(template_name, context, request, using=using)
              ^^^^^^^^^^^^^^^^^^^^^^^^^^^^^^^^^^^^^^^^^^^^^^^^^^^^^^^^^^^^^^^^^^^^^
  File "/Users/ngoga/Desktop/Web/Apis/envs/catholicSongenv/lib/python3.12/site-packages/django/template/loader.py", line 62, in render_to_string
    return template.render(context, request)
           ^^^^^^^^^^^^^^^^^^^^^^^^^^^^^^^^^
  File "/Users/ngoga/Desktop/Web/Apis/envs/catholicSongenv/lib/python3.12/site-packages/django/template/backends/django.py", line 61, in render
    return self.template.render(context)
           ^^^^^^^^^^^^^^^^^^^^^^^^^^^^^
  File "/Users/ngoga/Desktop/Web/Apis/envs/catholicSongenv/lib/python3.12/site-packages/django/template/base.py", line 171, in render
    return self._render(context)
           ^^^^^^^^^^^^^^^^^^^^^
  File "/Users/ngoga/Desktop/Web/Apis/envs/catholicSongenv/lib/python3.12/site-packages/django/template/base.py", line 163, in _render
    return self.nodelist.render(context)
           ^^^^^^^^^^^^^^^^^^^^^^^^^^^^^
  File "/Users/ngoga/Desktop/Web/Apis/envs/catholicSongenv/lib/python3.12/site-packages/django/template/base.py", line 1000, in render
    return SafeString("".join([node.render_annotated(context) for node in self]))
                               ^^^^^^^^^^^^^^^^^^^^^^^^^^^^^^
  File "/Users/ngoga/Desktop/Web/Apis/envs/catholicSongenv/lib/python3.12/site-packages/django/template/base.py", line 961, in render_annotated
    return self.render(context)
           ^^^^^^^^^^^^^^^^^^^^
  File "/Users/ngoga/Desktop/Web/Apis/envs/catholicSongenv/lib/python3.12/site-packages/django/template/loader_tags.py", line 210, in render
    return template.render(context)
           ^^^^^^^^^^^^^^^^^^^^^^^^
  File "/Users/ngoga/Desktop/Web/Apis/envs/catholicSongenv/lib/python3.12/site-packages/django/template/base.py", line 173, in render
    return self._render(context)
           ^^^^^^^^^^^^^^^^^^^^^
  File "/Users/ngoga/Desktop/Web/Apis/envs/catholicSongenv/lib/python3.12/site-packages/django/template/base.py", line 163, in _render
    return self.nodelist.render(context)
           ^^^^^^^^^^^^^^^^^^^^^^^^^^^^^
  File "/Users/ngoga/Desktop/Web/Apis/envs/catholicSongenv/lib/python3.12/site-packages/django/template/base.py", line 1000, in render
    return SafeString("".join([node.render_annotated(context) for node in self]))
                               ^^^^^^^^^^^^^^^^^^^^^^^^^^^^^^
  File "/Users/ngoga/Desktop/Web/Apis/envs/catholicSongenv/lib/python3.12/site-packages/django/template/base.py", line 961, in render_annotated
    return self.render(context)
           ^^^^^^^^^^^^^^^^^^^^
  File "/Users/ngoga/Desktop/Web/Apis/envs/catholicSongenv/lib/python3.12/site-packages/django/templatetags/static.py", line 116, in render
    url = self.url(context)
          ^^^^^^^^^^^^^^^^^
  File "/Users/ngoga/Desktop/Web/Apis/envs/catholicSongenv/lib/python3.12/site-packages/django/templatetags/static.py", line 113, in url
    return self.handle_simple(path)
           ^^^^^^^^^^^^^^^^^^^^^^^^
  File "/Users/ngoga/Desktop/Web/Apis/envs/catholicSongenv/lib/python3.12/site-packages/django/templatetags/static.py", line 129, in handle_simple
    return staticfiles_storage.url(path)
           ^^^^^^^^^^^^^^^^^^^^^^^^^^^^^
  File "/Users/ngoga/Desktop/Web/Apis/envs/catholicSongenv/lib/python3.12/site-packages/django/contrib/staticfiles/storage.py", line 203, in url
    return self._url(self.stored_name, name, force)
           ^^^^^^^^^^^^^^^^^^^^^^^^^^^^^^^^^^^^^^^^
  File "/Users/ngoga/Desktop/Web/Apis/envs/catholicSongenv/lib/python3.12/site-packages/django/contrib/staticfiles/storage.py", line 182, in _url
    hashed_name = hashed_name_func(*args)
                  ^^^^^^^^^^^^^^^^^^^^^^^
  File "/Users/ngoga/Desktop/Web/Apis/envs/catholicSongenv/lib/python3.12/site-packages/django/contrib/staticfiles/storage.py", line 516, in stored_name
    raise ValueError(
ValueError: Missing staticfiles manifest entry for 'img/black.png'
"GET / HTTP/1.1" 500 145
Internal Server Error: /
Traceback (most recent call last):
  File "/Users/ngoga/Desktop/Web/Apis/envs/catholicSongenv/lib/python3.12/site-packages/django/core/handlers/exception.py", line 55, in inner
    response = get_response(request)
               ^^^^^^^^^^^^^^^^^^^^^
  File "/Users/ngoga/Desktop/Web/Apis/envs/catholicSongenv/lib/python3.12/site-packages/django/core/handlers/base.py", line 197, in _get_response
    response = wrapped_callback(request, *callback_args, **callback_kwargs)
               ^^^^^^^^^^^^^^^^^^^^^^^^^^^^^^^^^^^^^^^^^^^^^^^^^^^^^^^^^^^^
  File "/Users/ngoga/Desktop/Web/Apis/envs/catholicSongenv/lib/python3.12/site-packages/django/views/generic/base.py", line 104, in view
    return self.dispatch(request, *args, **kwargs)
           ^^^^^^^^^^^^^^^^^^^^^^^^^^^^^^^^^^^^^^^
  File "/Users/ngoga/Desktop/Web/Apis/envs/catholicSongenv/lib/python3.12/site-packages/django/views/generic/base.py", line 143, in dispatch
    return handler(request, *args, **kwargs)
           ^^^^^^^^^^^^^^^^^^^^^^^^^^^^^^^^^
  File "/Users/ngoga/Desktop/Web/Apis/CatholicSong-main/Home/views.py", line 18, in get
    return render(request,'home.html',context)
           ^^^^^^^^^^^^^^^^^^^^^^^^^^^^^^^^^^^
  File "/Users/ngoga/Desktop/Web/Apis/envs/catholicSongenv/lib/python3.12/site-packages/django/shortcuts.py", line 25, in render
    content = loader.render_to_string(template_name, context, request, using=using)
              ^^^^^^^^^^^^^^^^^^^^^^^^^^^^^^^^^^^^^^^^^^^^^^^^^^^^^^^^^^^^^^^^^^^^^
  File "/Users/ngoga/Desktop/Web/Apis/envs/catholicSongenv/lib/python3.12/site-packages/django/template/loader.py", line 62, in render_to_string
    return template.render(context, request)
           ^^^^^^^^^^^^^^^^^^^^^^^^^^^^^^^^^
  File "/Users/ngoga/Desktop/Web/Apis/envs/catholicSongenv/lib/python3.12/site-packages/django/template/backends/django.py", line 61, in render
    return self.template.render(context)
           ^^^^^^^^^^^^^^^^^^^^^^^^^^^^^
  File "/Users/ngoga/Desktop/Web/Apis/envs/catholicSongenv/lib/python3.12/site-packages/django/template/base.py", line 171, in render
    return self._render(context)
           ^^^^^^^^^^^^^^^^^^^^^
  File "/Users/ngoga/Desktop/Web/Apis/envs/catholicSongenv/lib/python3.12/site-packages/django/template/base.py", line 163, in _render
    return self.nodelist.render(context)
           ^^^^^^^^^^^^^^^^^^^^^^^^^^^^^
  File "/Users/ngoga/Desktop/Web/Apis/envs/catholicSongenv/lib/python3.12/site-packages/django/template/base.py", line 1000, in render
    return SafeString("".join([node.render_annotated(context) for node in self]))
                               ^^^^^^^^^^^^^^^^^^^^^^^^^^^^^^
  File "/Users/ngoga/Desktop/Web/Apis/envs/catholicSongenv/lib/python3.12/site-packages/django/template/base.py", line 961, in render_annotated
    return self.render(context)
           ^^^^^^^^^^^^^^^^^^^^
  File "/Users/ngoga/Desktop/Web/Apis/envs/catholicSongenv/lib/python3.12/site-packages/django/template/loader_tags.py", line 210, in render
    return template.render(context)
           ^^^^^^^^^^^^^^^^^^^^^^^^
  File "/Users/ngoga/Desktop/Web/Apis/envs/catholicSongenv/lib/python3.12/site-packages/django/template/base.py", line 173, in render
    return self._render(context)
           ^^^^^^^^^^^^^^^^^^^^^
  File "/Users/ngoga/Desktop/Web/Apis/envs/catholicSongenv/lib/python3.12/site-packages/django/template/base.py", line 163, in _render
    return self.nodelist.render(context)
           ^^^^^^^^^^^^^^^^^^^^^^^^^^^^^
  File "/Users/ngoga/Desktop/Web/Apis/envs/catholicSongenv/lib/python3.12/site-packages/django/template/base.py", line 1000, in render
    return SafeString("".join([node.render_annotated(context) for node in self]))
                               ^^^^^^^^^^^^^^^^^^^^^^^^^^^^^^
  File "/Users/ngoga/Desktop/Web/Apis/envs/catholicSongenv/lib/python3.12/site-packages/django/template/base.py", line 961, in render_annotated
    return self.render(context)
           ^^^^^^^^^^^^^^^^^^^^
  File "/Users/ngoga/Desktop/Web/Apis/envs/catholicSongenv/lib/python3.12/site-packages/django/templatetags/static.py", line 116, in render
    url = self.url(context)
          ^^^^^^^^^^^^^^^^^
  File "/Users/ngoga/Desktop/Web/Apis/envs/catholicSongenv/lib/python3.12/site-packages/django/templatetags/static.py", line 113, in url
    return self.handle_simple(path)
           ^^^^^^^^^^^^^^^^^^^^^^^^
  File "/Users/ngoga/Desktop/Web/Apis/envs/catholicSongenv/lib/python3.12/site-packages/django/templatetags/static.py", line 129, in handle_simple
    return staticfiles_storage.url(path)
           ^^^^^^^^^^^^^^^^^^^^^^^^^^^^^
  File "/Users/ngoga/Desktop/Web/Apis/envs/catholicSongenv/lib/python3.12/site-packages/django/contrib/staticfiles/storage.py", line 203, in url
    return self._url(self.stored_name, name, force)
           ^^^^^^^^^^^^^^^^^^^^^^^^^^^^^^^^^^^^^^^^
  File "/Users/ngoga/Desktop/Web/Apis/envs/catholicSongenv/lib/python3.12/site-packages/django/contrib/staticfiles/storage.py", line 182, in _url
    hashed_name = hashed_name_func(*args)
                  ^^^^^^^^^^^^^^^^^^^^^^^
  File "/Users/ngoga/Desktop/Web/Apis/envs/catholicSongenv/lib/python3.12/site-packages/django/contrib/staticfiles/storage.py", line 516, in stored_name
    raise ValueError(
ValueError: Missing staticfiles manifest entry for 'img/black.png'
"GET / HTTP/1.1" 500 145
