Internal Server Error: /admin/
Traceback (most recent call last):
  File "/Users/ngoga/Desktop/Web/Apis/envs/catholicSongenv/lib/python3.13/site-packages/django/core/handlers/exception.py", line 55, in inner
    response = get_response(request)
  File "/Users/ngoga/Desktop/Web/Apis/envs/catholicSongenv/lib/python3.13/site-packages/django/core/handlers/base.py", line 220, in _get_response
    response = response.render()
  File "/Users/ngoga/Desktop/Web/Apis/envs/catholicSongenv/lib/python3.13/site-packages/django/template/response.py", line 114, in render
    self.content = self.rendered_content
                   ^^^^^^^^^^^^^^^^^^^^^
  File "/Users/ngoga/Desktop/Web/Apis/envs/catholicSongenv/lib/python3.13/site-packages/django/template/response.py", line 92, in rendered_content
    return template.render(context, self._request)
           ~~~~~~~~~~~~~~~^^^^^^^^^^^^^^^^^^^^^^^^
  File "/Users/ngoga/Desktop/Web/Apis/envs/catholicSongenv/lib/python3.13/site-packages/django/template/backends/django.py", line 107, in render
    return self.template.render(context)
           ~~~~~~~~~~~~~~~~~~~~^^^^^^^^^
  File "/Users/ngoga/Desktop/Web/Apis/envs/catholicSongenv/lib/python3.13/site-packages/django/template/base.py", line 171, in render
    return self._render(context)
           ~~~~~~~~~~~~^^^^^^^^^
  File "/Users/ngoga/Desktop/Web/Apis/envs/catholicSongenv/lib/python3.13/site-packages/django/template/base.py", line 163, in _render
    return self.nodelist.render(context)
           ~~~~~~~~~~~~~~~~~~~~^^^^^^^^^
  File "/Users/ngoga/Desktop/Web/Apis/envs/catholicSongenv/lib/python3.13/site-packages/django/template/base.py", line 1008, in render
    return SafeString("".join([node.render_annotated(context) for node in self]))
                               ~~~~~~~~~~~~~~~~~~~~~^^^^^^^^^
  File "/Users/ngoga/Desktop/Web/Apis/envs/catholicSongenv/lib/python3.13/site-packages/django/template/base.py", line 969, in render_annotated
    return self.render(context)
           ~~~~~~~~~~~^^^^^^^^^
  File "/Users/ngoga/Desktop/Web/Apis/envs/catholicSongenv/lib/python3.13/site-packages/django/template/loader_tags.py", line 159, in render
    return compiled_parent._render(context)
           ~~~~~~~~~~~~~~~~~~~~~~~^^^^^^^^^
  File "/Users/ngoga/Desktop/Web/Apis/envs/catholicSongenv/lib/python3.13/site-packages/django/template/base.py", line 163, in _render
    return self.nodelist.render(context)
           ~~~~~~~~~~~~~~~~~~~~^^^^^^^^^
  File "/Users/ngoga/Desktop/Web/Apis/envs/catholicSongenv/lib/python3.13/site-packages/django/template/base.py", line 1008, in render
    return SafeString("".join([node.render_annotated(context) for node in self]))
                               ~~~~~~~~~~~~~~~~~~~~~^^^^^^^^^
  File "/Users/ngoga/Desktop/Web/Apis/envs/catholicSongenv/lib/python3.13/site-packages/django/template/base.py", line 969, in render_annotated
    return self.render(context)
           ~~~~~~~~~~~^^^^^^^^^
  File "/Users/ngoga/Desktop/Web/Apis/envs/catholicSongenv/lib/python3.13/site-packages/django/template/loader_tags.py", line 159, in render
    return compiled_parent._render(context)
           ~~~~~~~~~~~~~~~~~~~~~~~^^^^^^^^^
  File "/Users/ngoga/Desktop/Web/Apis/envs/catholicSongenv/lib/python3.13/site-packages/django/template/base.py", line 163, in _render
    return self.nodelist.render(context)
           ~~~~~~~~~~~~~~~~~~~~^^^^^^^^^
  File "/Users/ngoga/Desktop/Web/Apis/envs/catholicSongenv/lib/python3.13/site-packages/django/template/base.py", line 1008, in render
    return SafeString("".join([node.render_annotated(context) for node in self]))
                               ~~~~~~~~~~~~~~~~~~~~~^^^^^^^^^
  File "/Users/ngoga/Desktop/Web/Apis/envs/catholicSongenv/lib/python3.13/site-packages/django/template/base.py", line 969, in render_annotated
    return self.render(context)
           ~~~~~~~~~~~^^^^^^^^^
  File "/Users/ngoga/Desktop/Web/Apis/envs/catholicSongenv/lib/python3.13/site-packages/django/templatetags/static.py", line 116, in render
    url = self.url(context)
  File "/Users/ngoga/Desktop/Web/Apis/envs/catholicSongenv/lib/python3.13/site-packages/django/templatetags/static.py", line 113, in url
    return self.handle_simple(path)
           ~~~~~~~~~~~~~~~~~~^^^^^^
  File "/Users/ngoga/Desktop/Web/Apis/envs/catholicSongenv/lib/python3.13/site-packages/django/templatetags/static.py", line 129, in handle_simple
    return staticfiles_storage.url(path)
           ~~~~~~~~~~~~~~~~~~~~~~~^^^^^^
  File "/Users/ngoga/Desktop/Web/Apis/envs/catholicSongenv/lib/python3.13/site-packages/django/contrib/staticfiles/storage.py", line 203, in url
    return self._url(self.stored_name, name, force)
           ~~~~~~~~~^^^^^^^^^^^^^^^^^^^^^^^^^^^^^^^
  File "/Users/ngoga/Desktop/Web/Apis/envs/catholicSongenv/lib/python3.13/site-packages/django/contrib/staticfiles/storage.py", line 182, in _url
    hashed_name = hashed_name_func(*args)
  File "/Users/ngoga/Desktop/Web/Apis/envs/catholicSongenv/lib/python3.13/site-packages/django/contrib/staticfiles/storage.py", line 516, in stored_name
    raise ValueError(
        "Missing staticfiles manifest entry for '%s'" % clean_name
    )
ValueError: Missing staticfiles manifest entry for '../static/img/logo.png'
"GET /admin/ HTTP/1.1" 500 145
Internal Server Error: /admin/
Traceback (most recent call last):
  File "/Users/ngoga/Desktop/Web/Apis/envs/catholicSongenv/lib/python3.13/site-packages/django/core/handlers/exception.py", line 55, in inner
    response = get_response(request)
  File "/Users/ngoga/Desktop/Web/Apis/envs/catholicSongenv/lib/python3.13/site-packages/django/core/handlers/base.py", line 220, in _get_response
    response = response.render()
  File "/Users/ngoga/Desktop/Web/Apis/envs/catholicSongenv/lib/python3.13/site-packages/django/template/response.py", line 114, in render
    self.content = self.rendered_content
                   ^^^^^^^^^^^^^^^^^^^^^
  File "/Users/ngoga/Desktop/Web/Apis/envs/catholicSongenv/lib/python3.13/site-packages/django/template/response.py", line 92, in rendered_content
    return template.render(context, self._request)
           ~~~~~~~~~~~~~~~^^^^^^^^^^^^^^^^^^^^^^^^
  File "/Users/ngoga/Desktop/Web/Apis/envs/catholicSongenv/lib/python3.13/site-packages/django/template/backends/django.py", line 107, in render
    return self.template.render(context)
           ~~~~~~~~~~~~~~~~~~~~^^^^^^^^^
  File "/Users/ngoga/Desktop/Web/Apis/envs/catholicSongenv/lib/python3.13/site-packages/django/template/base.py", line 171, in render
    return self._render(context)
           ~~~~~~~~~~~~^^^^^^^^^
  File "/Users/ngoga/Desktop/Web/Apis/envs/catholicSongenv/lib/python3.13/site-packages/django/template/base.py", line 163, in _render
    return self.nodelist.render(context)
           ~~~~~~~~~~~~~~~~~~~~^^^^^^^^^
  File "/Users/ngoga/Desktop/Web/Apis/envs/catholicSongenv/lib/python3.13/site-packages/django/template/base.py", line 1008, in render
    return SafeString("".join([node.render_annotated(context) for node in self]))
                               ~~~~~~~~~~~~~~~~~~~~~^^^^^^^^^
  File "/Users/ngoga/Desktop/Web/Apis/envs/catholicSongenv/lib/python3.13/site-packages/django/template/base.py", line 969, in render_annotated
    return self.render(context)
           ~~~~~~~~~~~^^^^^^^^^
  File "/Users/ngoga/Desktop/Web/Apis/envs/catholicSongenv/lib/python3.13/site-packages/django/template/loader_tags.py", line 159, in render
    return compiled_parent._render(context)
           ~~~~~~~~~~~~~~~~~~~~~~~^^^^^^^^^
  File "/Users/ngoga/Desktop/Web/Apis/envs/catholicSongenv/lib/python3.13/site-packages/django/template/base.py", line 163, in _render
    return self.nodelist.render(context)
           ~~~~~~~~~~~~~~~~~~~~^^^^^^^^^
  File "/Users/ngoga/Desktop/Web/Apis/envs/catholicSongenv/lib/python3.13/site-packages/django/template/base.py", line 1008, in render
    return SafeString("".join([node.render_annotated(context) for node in self]))
                               ~~~~~~~~~~~~~~~~~~~~~^^^^^^^^^
  File "/Users/ngoga/Desktop/Web/Apis/envs/catholicSongenv/lib/python3.13/site-packages/django/template/base.py", line 969, in render_annotated
    return self.render(context)
           ~~~~~~~~~~~^^^^^^^^^
  File "/Users/ngoga/Desktop/Web/Apis/envs/catholicSongenv/lib/python3.13/site-packages/django/template/loader_tags.py", line 159, in render
    return compiled_parent._render(context)
           ~~~~~~~~~~~~~~~~~~~~~~~^^^^^^^^^
  File "/Users/ngoga/Desktop/Web/Apis/envs/catholicSongenv/lib/python3.13/site-packages/django/template/base.py", line 163, in _render
    return self.nodelist.render(context)
           ~~~~~~~~~~~~~~~~~~~~^^^^^^^^^
  File "/Users/ngoga/Desktop/Web/Apis/envs/catholicSongenv/lib/python3.13/site-packages/django/template/base.py", line 1008, in render
    return SafeString("".join([node.render_annotated(context) for node in self]))
                               ~~~~~~~~~~~~~~~~~~~~~^^^^^^^^^
  File "/Users/ngoga/Desktop/Web/Apis/envs/catholicSongenv/lib/python3.13/site-packages/django/template/base.py", line 969, in render_annotated
    return self.render(context)
           ~~~~~~~~~~~^^^^^^^^^
  File "/Users/ngoga/Desktop/Web/Apis/envs/catholicSongenv/lib/python3.13/site-packages/django/templatetags/static.py", line 116, in render
    url = self.url(context)
  File "/Users/ngoga/Desktop/Web/Apis/envs/catholicSongenv/lib/python3.13/site-packages/django/templatetags/static.py", line 113, in url
    return self.handle_simple(path)
           ~~~~~~~~~~~~~~~~~~^^^^^^
  File "/Users/ngoga/Desktop/Web/Apis/envs/catholicSongenv/lib/python3.13/site-packages/django/templatetags/static.py", line 129, in handle_simple
    return staticfiles_storage.url(path)
           ~~~~~~~~~~~~~~~~~~~~~~~^^^^^^
  File "/Users/ngoga/Desktop/Web/Apis/envs/catholicSongenv/lib/python3.13/site-packages/django/contrib/staticfiles/storage.py", line 203, in url
    return self._url(self.stored_name, name, force)
           ~~~~~~~~~^^^^^^^^^^^^^^^^^^^^^^^^^^^^^^^
  File "/Users/ngoga/Desktop/Web/Apis/envs/catholicSongenv/lib/python3.13/site-packages/django/contrib/staticfiles/storage.py", line 182, in _url
    hashed_name = hashed_name_func(*args)
  File "/Users/ngoga/Desktop/Web/Apis/envs/catholicSongenv/lib/python3.13/site-packages/django/contrib/staticfiles/storage.py", line 516, in stored_name
    raise ValueError(
        "Missing staticfiles manifest entry for '%s'" % clean_name
    )
ValueError: Missing staticfiles manifest entry for '../static/img/logo.png'
"GET /admin/ HTTP/1.1" 500 145
Internal Server Error: /admin/
Traceback (most recent call last):
  File "/Users/ngoga/Desktop/Web/Apis/envs/catholicSongenv/lib/python3.13/site-packages/django/core/handlers/exception.py", line 55, in inner
    response = get_response(request)
  File "/Users/ngoga/Desktop/Web/Apis/envs/catholicSongenv/lib/python3.13/site-packages/django/core/handlers/base.py", line 220, in _get_response
    response = response.render()
  File "/Users/ngoga/Desktop/Web/Apis/envs/catholicSongenv/lib/python3.13/site-packages/django/template/response.py", line 114, in render
    self.content = self.rendered_content
                   ^^^^^^^^^^^^^^^^^^^^^
  File "/Users/ngoga/Desktop/Web/Apis/envs/catholicSongenv/lib/python3.13/site-packages/django/template/response.py", line 92, in rendered_content
    return template.render(context, self._request)
           ~~~~~~~~~~~~~~~^^^^^^^^^^^^^^^^^^^^^^^^
  File "/Users/ngoga/Desktop/Web/Apis/envs/catholicSongenv/lib/python3.13/site-packages/django/template/backends/django.py", line 107, in render
    return self.template.render(context)
           ~~~~~~~~~~~~~~~~~~~~^^^^^^^^^
  File "/Users/ngoga/Desktop/Web/Apis/envs/catholicSongenv/lib/python3.13/site-packages/django/template/base.py", line 171, in render
    return self._render(context)
           ~~~~~~~~~~~~^^^^^^^^^
  File "/Users/ngoga/Desktop/Web/Apis/envs/catholicSongenv/lib/python3.13/site-packages/django/template/base.py", line 163, in _render
    return self.nodelist.render(context)
           ~~~~~~~~~~~~~~~~~~~~^^^^^^^^^
  File "/Users/ngoga/Desktop/Web/Apis/envs/catholicSongenv/lib/python3.13/site-packages/django/template/base.py", line 1008, in render
    return SafeString("".join([node.render_annotated(context) for node in self]))
                               ~~~~~~~~~~~~~~~~~~~~~^^^^^^^^^
  File "/Users/ngoga/Desktop/Web/Apis/envs/catholicSongenv/lib/python3.13/site-packages/django/template/base.py", line 969, in render_annotated
    return self.render(context)
           ~~~~~~~~~~~^^^^^^^^^
  File "/Users/ngoga/Desktop/Web/Apis/envs/catholicSongenv/lib/python3.13/site-packages/django/template/loader_tags.py", line 159, in render
    return compiled_parent._render(context)
           ~~~~~~~~~~~~~~~~~~~~~~~^^^^^^^^^
  File "/Users/ngoga/Desktop/Web/Apis/envs/catholicSongenv/lib/python3.13/site-packages/django/template/base.py", line 163, in _render
    return self.nodelist.render(context)
           ~~~~~~~~~~~~~~~~~~~~^^^^^^^^^
  File "/Users/ngoga/Desktop/Web/Apis/envs/catholicSongenv/lib/python3.13/site-packages/django/template/base.py", line 1008, in render
    return SafeString("".join([node.render_annotated(context) for node in self]))
                               ~~~~~~~~~~~~~~~~~~~~~^^^^^^^^^
  File "/Users/ngoga/Desktop/Web/Apis/envs/catholicSongenv/lib/python3.13/site-packages/django/template/base.py", line 969, in render_annotated
    return self.render(context)
           ~~~~~~~~~~~^^^^^^^^^
  File "/Users/ngoga/Desktop/Web/Apis/envs/catholicSongenv/lib/python3.13/site-packages/django/template/loader_tags.py", line 159, in render
    return compiled_parent._render(context)
           ~~~~~~~~~~~~~~~~~~~~~~~^^^^^^^^^
  File "/Users/ngoga/Desktop/Web/Apis/envs/catholicSongenv/lib/python3.13/site-packages/django/template/base.py", line 163, in _render
    return self.nodelist.render(context)
           ~~~~~~~~~~~~~~~~~~~~^^^^^^^^^
  File "/Users/ngoga/Desktop/Web/Apis/envs/catholicSongenv/lib/python3.13/site-packages/django/template/base.py", line 1008, in render
    return SafeString("".join([node.render_annotated(context) for node in self]))
                               ~~~~~~~~~~~~~~~~~~~~~^^^^^^^^^
  File "/Users/ngoga/Desktop/Web/Apis/envs/catholicSongenv/lib/python3.13/site-packages/django/template/base.py", line 969, in render_annotated
    return self.render(context)
           ~~~~~~~~~~~^^^^^^^^^
  File "/Users/ngoga/Desktop/Web/Apis/envs/catholicSongenv/lib/python3.13/site-packages/django/templatetags/static.py", line 116, in render
    url = self.url(context)
  File "/Users/ngoga/Desktop/Web/Apis/envs/catholicSongenv/lib/python3.13/site-packages/django/templatetags/static.py", line 113, in url
    return self.handle_simple(path)
           ~~~~~~~~~~~~~~~~~~^^^^^^
  File "/Users/ngoga/Desktop/Web/Apis/envs/catholicSongenv/lib/python3.13/site-packages/django/templatetags/static.py", line 129, in handle_simple
    return staticfiles_storage.url(path)
           ~~~~~~~~~~~~~~~~~~~~~~~^^^^^^
  File "/Users/ngoga/Desktop/Web/Apis/envs/catholicSongenv/lib/python3.13/site-packages/django/contrib/staticfiles/storage.py", line 203, in url
    return self._url(self.stored_name, name, force)
           ~~~~~~~~~^^^^^^^^^^^^^^^^^^^^^^^^^^^^^^^
  File "/Users/ngoga/Desktop/Web/Apis/envs/catholicSongenv/lib/python3.13/site-packages/django/contrib/staticfiles/storage.py", line 182, in _url
    hashed_name = hashed_name_func(*args)
  File "/Users/ngoga/Desktop/Web/Apis/envs/catholicSongenv/lib/python3.13/site-packages/django/contrib/staticfiles/storage.py", line 516, in stored_name
    raise ValueError(
        "Missing staticfiles manifest entry for '%s'" % clean_name
    )
ValueError: Missing staticfiles manifest entry for '../static/img/logo.png'
"GET /admin/ HTTP/1.1" 500 145
Internal Server Error: /admin/
Traceback (most recent call last):
  File "/Users/ngoga/Desktop/Web/Apis/envs/catholicSongenv/lib/python3.13/site-packages/django/core/handlers/exception.py", line 55, in inner
    response = get_response(request)
  File "/Users/ngoga/Desktop/Web/Apis/envs/catholicSongenv/lib/python3.13/site-packages/django/core/handlers/base.py", line 220, in _get_response
    response = response.render()
  File "/Users/ngoga/Desktop/Web/Apis/envs/catholicSongenv/lib/python3.13/site-packages/django/template/response.py", line 114, in render
    self.content = self.rendered_content
                   ^^^^^^^^^^^^^^^^^^^^^
  File "/Users/ngoga/Desktop/Web/Apis/envs/catholicSongenv/lib/python3.13/site-packages/django/template/response.py", line 92, in rendered_content
    return template.render(context, self._request)
           ~~~~~~~~~~~~~~~^^^^^^^^^^^^^^^^^^^^^^^^
  File "/Users/ngoga/Desktop/Web/Apis/envs/catholicSongenv/lib/python3.13/site-packages/django/template/backends/django.py", line 107, in render
    return self.template.render(context)
           ~~~~~~~~~~~~~~~~~~~~^^^^^^^^^
  File "/Users/ngoga/Desktop/Web/Apis/envs/catholicSongenv/lib/python3.13/site-packages/django/template/base.py", line 171, in render
    return self._render(context)
           ~~~~~~~~~~~~^^^^^^^^^
  File "/Users/ngoga/Desktop/Web/Apis/envs/catholicSongenv/lib/python3.13/site-packages/django/template/base.py", line 163, in _render
    return self.nodelist.render(context)
           ~~~~~~~~~~~~~~~~~~~~^^^^^^^^^
  File "/Users/ngoga/Desktop/Web/Apis/envs/catholicSongenv/lib/python3.13/site-packages/django/template/base.py", line 1008, in render
    return SafeString("".join([node.render_annotated(context) for node in self]))
                               ~~~~~~~~~~~~~~~~~~~~~^^^^^^^^^
  File "/Users/ngoga/Desktop/Web/Apis/envs/catholicSongenv/lib/python3.13/site-packages/django/template/base.py", line 969, in render_annotated
    return self.render(context)
           ~~~~~~~~~~~^^^^^^^^^
  File "/Users/ngoga/Desktop/Web/Apis/envs/catholicSongenv/lib/python3.13/site-packages/django/template/loader_tags.py", line 159, in render
    return compiled_parent._render(context)
           ~~~~~~~~~~~~~~~~~~~~~~~^^^^^^^^^
  File "/Users/ngoga/Desktop/Web/Apis/envs/catholicSongenv/lib/python3.13/site-packages/django/template/base.py", line 163, in _render
    return self.nodelist.render(context)
           ~~~~~~~~~~~~~~~~~~~~^^^^^^^^^
  File "/Users/ngoga/Desktop/Web/Apis/envs/catholicSongenv/lib/python3.13/site-packages/django/template/base.py", line 1008, in render
    return SafeString("".join([node.render_annotated(context) for node in self]))
                               ~~~~~~~~~~~~~~~~~~~~~^^^^^^^^^
  File "/Users/ngoga/Desktop/Web/Apis/envs/catholicSongenv/lib/python3.13/site-packages/django/template/base.py", line 969, in render_annotated
    return self.render(context)
           ~~~~~~~~~~~^^^^^^^^^
  File "/Users/ngoga/Desktop/Web/Apis/envs/catholicSongenv/lib/python3.13/site-packages/django/template/loader_tags.py", line 159, in render
    return compiled_parent._render(context)
           ~~~~~~~~~~~~~~~~~~~~~~~^^^^^^^^^
  File "/Users/ngoga/Desktop/Web/Apis/envs/catholicSongenv/lib/python3.13/site-packages/django/template/base.py", line 163, in _render
    return self.nodelist.render(context)
           ~~~~~~~~~~~~~~~~~~~~^^^^^^^^^
  File "/Users/ngoga/Desktop/Web/Apis/envs/catholicSongenv/lib/python3.13/site-packages/django/template/base.py", line 1008, in render
    return SafeString("".join([node.render_annotated(context) for node in self]))
                               ~~~~~~~~~~~~~~~~~~~~~^^^^^^^^^
  File "/Users/ngoga/Desktop/Web/Apis/envs/catholicSongenv/lib/python3.13/site-packages/django/template/base.py", line 969, in render_annotated
    return self.render(context)
           ~~~~~~~~~~~^^^^^^^^^
  File "/Users/ngoga/Desktop/Web/Apis/envs/catholicSongenv/lib/python3.13/site-packages/django/templatetags/static.py", line 116, in render
    url = self.url(context)
  File "/Users/ngoga/Desktop/Web/Apis/envs/catholicSongenv/lib/python3.13/site-packages/django/templatetags/static.py", line 113, in url
    return self.handle_simple(path)
           ~~~~~~~~~~~~~~~~~~^^^^^^
  File "/Users/ngoga/Desktop/Web/Apis/envs/catholicSongenv/lib/python3.13/site-packages/django/templatetags/static.py", line 129, in handle_simple
    return staticfiles_storage.url(path)
           ~~~~~~~~~~~~~~~~~~~~~~~^^^^^^
  File "/Users/ngoga/Desktop/Web/Apis/envs/catholicSongenv/lib/python3.13/site-packages/django/contrib/staticfiles/storage.py", line 203, in url
    return self._url(self.stored_name, name, force)
           ~~~~~~~~~^^^^^^^^^^^^^^^^^^^^^^^^^^^^^^^
  File "/Users/ngoga/Desktop/Web/Apis/envs/catholicSongenv/lib/python3.13/site-packages/django/contrib/staticfiles/storage.py", line 182, in _url
    hashed_name = hashed_name_func(*args)
  File "/Users/ngoga/Desktop/Web/Apis/envs/catholicSongenv/lib/python3.13/site-packages/django/contrib/staticfiles/storage.py", line 516, in stored_name
    raise ValueError(
        "Missing staticfiles manifest entry for '%s'" % clean_name
    )
ValueError: Missing staticfiles manifest entry for '../static/img/logo.png'
"GET /admin/ HTTP/1.1" 500 145
